              :-) GROMACS - gmx mdrun, 2021.4-Ubuntu-2021.4-2 (-:

                            GROMACS is written by:
     Andrey Alekseenko              Emile Apol              Rossen Apostolov     
         Paul Bauer           Herman J.C. Berendsen           Par Bjelkmar       
       Christian Blau           Viacheslav Bolnykh             Kevin Boyd        
     Aldert van Buuren           Rudi van Drunen             Anton Feenstra      
    Gilles Gouaillardet             Alan Gray               Gerrit Groenhof      
       Anca Hamuraru            Vincent Hindriksen          M. Eric Irrgang      
      Aleksei Iupinov           Christoph Junghans             Joe Jordan        
    Dimitrios Karkoulis            Peter Kasson                Jiri Kraus        
      Carsten Kutzner              Per Larsson              Justin A. Lemkul     
       Viveca Lindahl            Magnus Lundborg             Erik Marklund       
        Pascal Merz             Pieter Meulenhoff            Teemu Murtola       
        Szilard Pall               Sander Pronk              Roland Schulz       
       Michael Shirts            Alexey Shvetsov             Alfons Sijbers      
       Peter Tieleman              Jon Vincent              Teemu Virolainen     
     Christian Wennberg            Maarten Wolf              Artem Zhmurov       
                           and the project leaders:
        Mark Abraham, Berk Hess, Erik Lindahl, and David van der Spoel

Copyright (c) 1991-2000, University of Groningen, The Netherlands.
Copyright (c) 2001-2019, The GROMACS development team at
Uppsala University, Stockholm University and
the Royal Institute of Technology, Sweden.
check out http://www.gromacs.org for more information.

GROMACS is free software; you can redistribute it and/or modify it
under the terms of the GNU Lesser General Public License
as published by the Free Software Foundation; either version 2.1
of the License, or (at your option) any later version.

GROMACS:      gmx mdrun, version 2021.4-Ubuntu-2021.4-2
Executable:   /usr/bin/gmx
Data prefix:  /usr
Working dir:  /home/turbina/Downloads
Process ID:   5429
Command line:
  gmx mdrun -deffnm npt

GROMACS version:    2021.4-Ubuntu-2021.4-2
Precision:          mixed
Memory model:       64 bit
MPI library:        thread_mpi
OpenMP support:     enabled (GMX_OPENMP_MAX_THREADS = 64)
GPU support:        disabled
SIMD instructions:  SSE4.1
FFT library:        fftw-3.3.8-sse2-avx
RDTSCP usage:       enabled
TNG support:        enabled
Hwloc support:      hwloc-2.5.0
Tracing support:    disabled
C compiler:         /usr/bin/cc GNU 11.2.0
C compiler flags:   -msse4.1 -Wno-missing-field-initializers -fexcess-precision=fast -funroll-all-loops -O3 -DNDEBUG
C++ compiler:       /usr/bin/c++ GNU 11.2.0
C++ compiler flags: -msse4.1 -Wno-missing-field-initializers -fexcess-precision=fast -funroll-all-loops -fopenmp -O3 -DNDEBUG


Running on 1 node with total 3 cores, 3 logical cores
Hardware detected:
  CPU info:
    Vendor: AMD
    Brand:  AMD Ryzen 5 7520U with Radeon Graphics         
    Family: 23   Model: 160   Stepping: 0
    Features: aes amd apic avx avx2 clfsh cmov cx8 cx16 htt lahf misalignsse mmx msr nonstop_tsc pclmuldq popcnt pse rdrnd rdtscp sse2 sse3 sse4a sse4.1 sse4.2 ssse3 x2apic
  Hardware topology: Full, with devices
    Sockets, cores, and logical processors:
      Socket  0: [   0] [   1] [   2]
    Numa nodes:
      Node  0 (8327962624 bytes mem):   0   1   2
      Latency:
               0
         0  1.00
    Caches:
      L1: 32768 bytes, linesize 64 bytes, assoc. 16, shared 1 ways
      L2: 524288 bytes, linesize 64 bytes, assoc. 8, shared 1 ways
      L3: 4194304 bytes, linesize 64 bytes, assoc. 1024, shared 3 ways
    PCI devices:
      0000:00:01.1  Id: 8086:7111  Class: 0x0101  Numa: 0
      0000:00:02.0  Id: 15ad:0405  Class: 0x0300  Numa: 0
      0000:00:03.0  Id: 8086:100e  Class: 0x0200  Numa: 0
      0000:00:0d.0  Id: 8086:2829  Class: 0x0106  Numa: 0

Highest SIMD level supported by all nodes in run: AVX2_256
SIMD instructions selected at compile time:       SSE4.1
This program was compiled for different hardware than you are running on,
which could influence performance.

++++ PLEASE READ AND CITE THE FOLLOWING REFERENCE ++++
M. J. Abraham, T. Murtola, R. Schulz, S. Páll, J. C. Smith, B. Hess, E.
Lindahl
GROMACS: High performance molecular simulations through multi-level
parallelism from laptops to supercomputers
SoftwareX 1 (2015) pp. 19-25
-------- -------- --- Thank You --- -------- --------


++++ PLEASE READ AND CITE THE FOLLOWING REFERENCE ++++
S. Páll, M. J. Abraham, C. Kutzner, B. Hess, E. Lindahl
Tackling Exascale Software Challenges in Molecular Dynamics Simulations with
GROMACS
In S. Markidis & E. Laure (Eds.), Solving Software Challenges for Exascale 8759 (2015) pp. 3-27
-------- -------- --- Thank You --- -------- --------


++++ PLEASE READ AND CITE THE FOLLOWING REFERENCE ++++
S. Pronk, S. Páll, R. Schulz, P. Larsson, P. Bjelkmar, R. Apostolov, M. R.
Shirts, J. C. Smith, P. M. Kasson, D. van der Spoel, B. Hess, and E. Lindahl
GROMACS 4.5: a high-throughput and highly parallel open source molecular
simulation toolkit
Bioinformatics 29 (2013) pp. 845-54
-------- -------- --- Thank You --- -------- --------


++++ PLEASE READ AND CITE THE FOLLOWING REFERENCE ++++
B. Hess and C. Kutzner and D. van der Spoel and E. Lindahl
GROMACS 4: Algorithms for highly efficient, load-balanced, and scalable
molecular simulation
J. Chem. Theory Comput. 4 (2008) pp. 435-447
-------- -------- --- Thank You --- -------- --------


++++ PLEASE READ AND CITE THE FOLLOWING REFERENCE ++++
D. van der Spoel, E. Lindahl, B. Hess, G. Groenhof, A. E. Mark and H. J. C.
Berendsen
GROMACS: Fast, Flexible and Free
J. Comp. Chem. 26 (2005) pp. 1701-1719
-------- -------- --- Thank You --- -------- --------


++++ PLEASE READ AND CITE THE FOLLOWING REFERENCE ++++
E. Lindahl and B. Hess and D. van der Spoel
GROMACS 3.0: A package for molecular simulation and trajectory analysis
J. Mol. Mod. 7 (2001) pp. 306-317
-------- -------- --- Thank You --- -------- --------


++++ PLEASE READ AND CITE THE FOLLOWING REFERENCE ++++
H. J. C. Berendsen, D. van der Spoel and R. van Drunen
GROMACS: A message-passing parallel molecular dynamics implementation
Comp. Phys. Comm. 91 (1995) pp. 43-56
-------- -------- --- Thank You --- -------- --------

Input Parameters:
   integrator                     = md
   tinit                          = 0
   dt                             = 0.002
   nsteps                         = 25000
   init-step                      = 0
   simulation-part                = 1
   mts                            = false
   comm-mode                      = Linear
   nstcomm                        = 100
   bd-fric                        = 0
   ld-seed                        = -369111436
   emtol                          = 10
   emstep                         = 0.01
   niter                          = 20
   fcstep                         = 0
   nstcgsteep                     = 1000
   nbfgscorr                      = 10
   rtpi                           = 0.05
   nstxout                        = 500
   nstvout                        = 500
   nstfout                        = 0
   nstlog                         = 500
   nstcalcenergy                  = 100
   nstenergy                      = 500
   nstxout-compressed             = 0
   compressed-x-precision         = 1000
   cutoff-scheme                  = Verlet
   nstlist                        = 10
   pbc                            = xyz
   periodic-molecules             = false
   verlet-buffer-tolerance        = 0.005
   rlist                          = 1
   coulombtype                    = PME
   coulomb-modifier               = Potential-shift
   rcoulomb-switch                = 0
   rcoulomb                       = 1
   epsilon-r                      = 1
   epsilon-rf                     = inf
   vdw-type                       = Cut-off
   vdw-modifier                   = Potential-shift
   rvdw-switch                    = 0
   rvdw                           = 1
   DispCorr                       = EnerPres
   table-extension                = 1
   fourierspacing                 = 0.16
   fourier-nx                     = 60
   fourier-ny                     = 60
   fourier-nz                     = 60
   pme-order                      = 4
   ewald-rtol                     = 1e-05
   ewald-rtol-lj                  = 0.001
   lj-pme-comb-rule               = Geometric
   ewald-geometry                 = 0
   epsilon-surface                = 0
   tcoupl                         = V-rescale
   nsttcouple                     = 10
   nh-chain-length                = 0
   print-nose-hoover-chain-variables = false
   pcoupl                         = Parrinello-Rahman
   pcoupltype                     = Isotropic
   nstpcouple                     = 10
   tau-p                          = 2
   compressibility (3x3):
      compressibility[    0]={ 4.50000e-05,  0.00000e+00,  0.00000e+00}
      compressibility[    1]={ 0.00000e+00,  4.50000e-05,  0.00000e+00}
      compressibility[    2]={ 0.00000e+00,  0.00000e+00,  4.50000e-05}
   ref-p (3x3):
      ref-p[    0]={ 1.00000e+00,  0.00000e+00,  0.00000e+00}
      ref-p[    1]={ 0.00000e+00,  1.00000e+00,  0.00000e+00}
      ref-p[    2]={ 0.00000e+00,  0.00000e+00,  1.00000e+00}
   refcoord-scaling               = COM
   posres-com (3):
      posres-com[0]= 5.03403e-01
      posres-com[1]= 4.99448e-01
      posres-com[2]= 5.04451e-01
   posres-comB (3):
      posres-comB[0]= 5.03403e-01
      posres-comB[1]= 4.99448e-01
      posres-comB[2]= 5.04451e-01
   QMMM                           = false
qm-opts:
   ngQM                           = 0
   constraint-algorithm           = Lincs
   continuation                   = true
   Shake-SOR                      = false
   shake-tol                      = 0.0001
   lincs-order                    = 4
   lincs-iter                     = 1
   lincs-warnangle                = 30
   nwall                          = 0
   wall-type                      = 9-3
   wall-r-linpot                  = -1
   wall-atomtype[0]               = -1
   wall-atomtype[1]               = -1
   wall-density[0]                = 0
   wall-density[1]                = 0
   wall-ewald-zfac                = 3
   pull                           = false
   awh                            = false
   rotation                       = false
   interactiveMD                  = false
   disre                          = No
   disre-weighting                = Conservative
   disre-mixed                    = false
   dr-fc                          = 1000
   dr-tau                         = 0
   nstdisreout                    = 100
   orire-fc                       = 0
   orire-tau                      = 0
   nstorireout                    = 100
   free-energy                    = no
   cos-acceleration               = 0
   deform (3x3):
      deform[    0]={ 0.00000e+00,  0.00000e+00,  0.00000e+00}
      deform[    1]={ 0.00000e+00,  0.00000e+00,  0.00000e+00}
      deform[    2]={ 0.00000e+00,  0.00000e+00,  0.00000e+00}
   simulated-tempering            = false
   swapcoords                     = no
   userint1                       = 0
   userint2                       = 0
   userint3                       = 0
   userint4                       = 0
   userreal1                      = 0
   userreal2                      = 0
   userreal3                      = 0
   userreal4                      = 0
   applied-forces:
     electric-field:
       x:
         E0                       = 0
         omega                    = 0
         t0                       = 0
         sigma                    = 0
       y:
         E0                       = 0
         omega                    = 0
         t0                       = 0
         sigma                    = 0
       z:
         E0                       = 0
         omega                    = 0
         t0                       = 0
         sigma                    = 0
     density-guided-simulation:
       active                     = false
       group                      = protein
       similarity-measure         = inner-product
       atom-spreading-weight      = unity
       force-constant             = 1e+09
       gaussian-transform-spreading-width = 0.2
       gaussian-transform-spreading-range-in-multiples-of-width = 4
       reference-density-filename = reference.mrc
       nst                        = 1
       normalize-densities        = true
       adaptive-force-scaling     = false
       adaptive-force-scaling-time-constant = 4
       shift-vector               = 
       transformation-matrix      = 
grpopts:
   nrdf:     2643.95      151290
   ref-t:         300         300
   tau-t:         0.1         0.1
annealing:          No          No
annealing-npoints:           0           0
   acc:	           0           0           0
   nfreeze:           N           N           N
   energygrp-flags[  0]: 0

Changing nstlist from 10 to 40, rlist from 1 to 1.097

Using 1 MPI thread
Using 3 OpenMP threads 

Pinning threads with an auto-selected logical core stride of 1
System total charge: -0.000
Will do PME sum in reciprocal space for electrostatic interactions.

++++ PLEASE READ AND CITE THE FOLLOWING REFERENCE ++++
U. Essmann, L. Perera, M. L. Berkowitz, T. Darden, H. Lee and L. G. Pedersen 
A smooth particle mesh Ewald method
J. Chem. Phys. 103 (1995) pp. 8577-8592
-------- -------- --- Thank You --- -------- --------

Using a Gaussian width (1/beta) of 0.320163 nm for Ewald
Potential shift: LJ r^-12: -1.000e+00 r^-6: -1.000e+00, Ewald -1.000e-05
Initialized non-bonded Ewald tables, spacing: 9.33e-04 size: 1073

Generated table with 1048 data points for 1-4 COUL.
Tabscale = 500 points/nm
Generated table with 1048 data points for 1-4 LJ6.
Tabscale = 500 points/nm
Generated table with 1048 data points for 1-4 LJ12.
Tabscale = 500 points/nm
Long Range LJ corr.: <C6> 2.9722e-04


Using SIMD 4x4 nonbonded short-range kernels

Using a dual 4x4 pair-list setup updated with dynamic pruning:
  outer list: updated every 40 steps, buffer 0.097 nm, rlist 1.097 nm
  inner list: updated every 12 steps, buffer 0.003 nm, rlist 1.003 nm
At tolerance 0.005 kJ/mol/ps per atom, equivalent classical 1x1 list would be:
  outer list: updated every 40 steps, buffer 0.212 nm, rlist 1.212 nm
  inner list: updated every 12 steps, buffer 0.048 nm, rlist 1.048 nm

Using geometric Lennard-Jones combination rule

Initializing LINear Constraint Solver

++++ PLEASE READ AND CITE THE FOLLOWING REFERENCE ++++
B. Hess and H. Bekker and H. J. C. Berendsen and J. G. E. M. Fraaije
LINCS: A Linear Constraint Solver for molecular simulations
J. Comp. Chem. 18 (1997) pp. 1463-1472
-------- -------- --- Thank You --- -------- --------

The number of constraints is 524

++++ PLEASE READ AND CITE THE FOLLOWING REFERENCE ++++
S. Miyamoto and P. A. Kollman
SETTLE: An Analytical Version of the SHAKE and RATTLE Algorithms for Rigid
Water Models
J. Comp. Chem. 13 (1992) pp. 952-962
-------- -------- --- Thank You --- -------- --------


++++ PLEASE READ AND CITE THE FOLLOWING REFERENCE ++++
G. Bussi, D. Donadio and M. Parrinello
Canonical sampling through velocity rescaling
J. Chem. Phys. 126 (2007) pp. 014101
-------- -------- --- Thank You --- -------- --------

There are: 76702 Atoms
Center of mass motion removal mode is Linear
We have the following groups for center of mass motion removal:
  0:  rest

Started mdrun on rank 0 Thu Dec 19 11:30:38 2024

           Step           Time
              0        0.00000

   Energies (kJ/mol)
           Bond          Angle    Proper Dih. Ryckaert-Bell.          LJ-14
    8.57504e+02    2.11222e+03    1.29344e+02    1.16898e+03    1.35915e+03
     Coulomb-14        LJ (SR)  Disper. corr.   Coulomb (SR)   Coul. recip.
    6.11429e+03    2.23693e+05   -9.23503e+03   -1.41769e+06    6.48672e+03
 Position Rest.      Potential    Kinetic En.   Total Energy  Conserved En.
    6.68420e-02   -1.18501e+06    1.92551e+05   -9.92457e+05   -9.92409e+05
    Temperature Pres. DC (bar) Pressure (bar)   Constr. rmsd
    3.00889e+02   -1.93827e+02   -7.57840e+02    3.09171e-06

           Step           Time
            500        1.00000

   Energies (kJ/mol)
           Bond          Angle    Proper Dih. Ryckaert-Bell.          LJ-14
    8.33886e+02    2.16349e+03    1.16740e+02    1.21149e+03    1.31423e+03
     Coulomb-14        LJ (SR)  Disper. corr.   Coulomb (SR)   Coul. recip.
    6.07067e+03    2.29568e+05   -9.52572e+03   -1.42855e+06    6.30162e+03
 Position Rest.      Potential    Kinetic En.   Total Energy  Conserved En.
    2.90210e+02   -1.19021e+06    1.91972e+05   -9.98234e+05   -9.92292e+05
    Temperature Pres. DC (bar) Pressure (bar)   Constr. rmsd
    2.99985e+02   -2.06206e+02   -9.04048e+01    3.38293e-06

           Step           Time
           1000        2.00000

   Energies (kJ/mol)
           Bond          Angle    Proper Dih. Ryckaert-Bell.          LJ-14
    7.38612e+02    2.08304e+03    1.13685e+02    1.12951e+03    1.41288e+03
     Coulomb-14        LJ (SR)  Disper. corr.   Coulomb (SR)   Coul. recip.
    6.15099e+03    2.30992e+05   -9.50447e+03   -1.42995e+06    6.18839e+03
 Position Rest.      Potential    Kinetic En.   Total Energy  Conserved En.
    3.05567e+02   -1.19034e+06    1.92178e+05   -9.98158e+05   -9.92313e+05
    Temperature Pres. DC (bar) Pressure (bar)   Constr. rmsd
    3.00307e+02   -2.05288e+02    3.56678e+01    3.47599e-06

           Step           Time
           1500        3.00000

   Energies (kJ/mol)
           Bond          Angle    Proper Dih. Ryckaert-Bell.          LJ-14
    7.22983e+02    2.14725e+03    1.27898e+02    1.20587e+03    1.32598e+03
     Coulomb-14        LJ (SR)  Disper. corr.   Coulomb (SR)   Coul. recip.
    6.03538e+03    2.29752e+05   -9.53589e+03   -1.42901e+06    6.19186e+03
 Position Rest.      Potential    Kinetic En.   Total Energy  Conserved En.
    2.66769e+02   -1.19077e+06    1.92170e+05   -9.98604e+05   -9.92317e+05
    Temperature Pres. DC (bar) Pressure (bar)   Constr. rmsd
    3.00295e+02   -2.06646e+02    1.61175e+01    3.02301e-06

           Step           Time
           2000        4.00000

   Energies (kJ/mol)
           Bond          Angle    Proper Dih. Ryckaert-Bell.          LJ-14
    8.21238e+02    2.14244e+03    1.09765e+02    1.19784e+03    1.31207e+03
     Coulomb-14        LJ (SR)  Disper. corr.   Coulomb (SR)   Coul. recip.
    5.97473e+03    2.29138e+05   -9.54500e+03   -1.42823e+06    6.13690e+03
 Position Rest.      Potential    Kinetic En.   Total Energy  Conserved En.
    3.20547e+02   -1.19063e+06    1.90669e+05   -9.99957e+05   -9.92286e+05
    Temperature Pres. DC (bar) Pressure (bar)   Constr. rmsd
    2.97949e+02   -2.07041e+02   -1.20962e+02    2.62581e-06

           Step           Time
           2500        5.00000

   Energies (kJ/mol)
           Bond          Angle    Proper Dih. Ryckaert-Bell.          LJ-14
    7.57893e+02    2.14885e+03    1.42763e+02    1.18027e+03    1.34961e+03
     Coulomb-14        LJ (SR)  Disper. corr.   Coulomb (SR)   Coul. recip.
    6.00860e+03    2.30550e+05   -9.54770e+03   -1.43003e+06    6.22453e+03
 Position Rest.      Potential    Kinetic En.   Total Energy  Conserved En.
    2.74170e+02   -1.19094e+06    1.91964e+05   -9.98976e+05   -9.92272e+05
    Temperature Pres. DC (bar) Pressure (bar)   Constr. rmsd
    2.99972e+02   -2.07157e+02   -7.98843e-01    3.13289e-06

           Step           Time
           3000        6.00000

   Energies (kJ/mol)
           Bond          Angle    Proper Dih. Ryckaert-Bell.          LJ-14
    8.02865e+02    2.02492e+03    1.29688e+02    1.19736e+03    1.37429e+03
     Coulomb-14        LJ (SR)  Disper. corr.   Coulomb (SR)   Coul. recip.
    6.08639e+03    2.30866e+05   -9.56844e+03   -1.43106e+06    6.10370e+03
 Position Rest.      Potential    Kinetic En.   Total Energy  Conserved En.
    2.84716e+02   -1.19176e+06    1.92521e+05   -9.99235e+05   -9.92273e+05
    Temperature Pres. DC (bar) Pressure (bar)   Constr. rmsd
    3.00843e+02   -2.08058e+02    5.73107e+01    3.15900e-06

           Step           Time
           3500        7.00000

   Energies (kJ/mol)
           Bond          Angle    Proper Dih. Ryckaert-Bell.          LJ-14
    7.76987e+02    2.07228e+03    1.12708e+02    1.17739e+03    1.35795e+03
     Coulomb-14        LJ (SR)  Disper. corr.   Coulomb (SR)   Coul. recip.
    6.04670e+03    2.28413e+05   -9.54860e+03   -1.42628e+06    6.25132e+03
 Position Rest.      Potential    Kinetic En.   Total Energy  Conserved En.
    2.91805e+02   -1.18933e+06    1.91599e+05   -9.97729e+05   -9.92273e+05
    Temperature Pres. DC (bar) Pressure (bar)   Constr. rmsd
    2.99402e+02   -2.07197e+02   -3.75395e+01    3.30876e-06

           Step           Time
           4000        8.00000

   Energies (kJ/mol)
           Bond          Angle    Proper Dih. Ryckaert-Bell.          LJ-14
    7.67577e+02    2.03367e+03    1.04563e+02    1.22636e+03    1.29206e+03
     Coulomb-14        LJ (SR)  Disper. corr.   Coulomb (SR)   Coul. recip.
    6.05138e+03    2.31991e+05   -9.55411e+03   -1.43184e+06    6.23666e+03
 Position Rest.      Potential    Kinetic En.   Total Energy  Conserved En.
    2.54641e+02   -1.19144e+06    1.89949e+05   -1.00149e+06   -9.92245e+05
    Temperature Pres. DC (bar) Pressure (bar)   Constr. rmsd
    2.96823e+02   -2.07435e+02    1.06829e+02    2.93227e-06

           Step           Time
           4500        9.00000

   Energies (kJ/mol)
           Bond          Angle    Proper Dih. Ryckaert-Bell.          LJ-14
    7.19618e+02    2.24646e+03    1.10675e+02    1.14545e+03    1.40502e+03
     Coulomb-14        LJ (SR)  Disper. corr.   Coulomb (SR)   Coul. recip.
    6.06930e+03    2.29781e+05   -9.56173e+03   -1.42896e+06    6.28090e+03
 Position Rest.      Potential    Kinetic En.   Total Energy  Conserved En.
    3.41729e+02   -1.19042e+06    1.93490e+05   -9.96933e+05   -9.92261e+05
    Temperature Pres. DC (bar) Pressure (bar)   Constr. rmsd
    3.02357e+02   -2.07766e+02    7.73265e+01    3.28832e-06

           Step           Time
           5000       10.00000

   Energies (kJ/mol)
           Bond          Angle    Proper Dih. Ryckaert-Bell.          LJ-14
    7.28827e+02    2.05912e+03    1.31676e+02    1.18476e+03    1.34918e+03
     Coulomb-14        LJ (SR)  Disper. corr.   Coulomb (SR)   Coul. recip.
    6.06676e+03    2.28491e+05   -9.57083e+03   -1.42706e+06    6.17486e+03
 Position Rest.      Potential    Kinetic En.   Total Energy  Conserved En.
    2.61433e+02   -1.19018e+06    1.92320e+05   -9.97861e+05   -9.92266e+05
    Temperature Pres. DC (bar) Pressure (bar)   Constr. rmsd
    3.00528e+02   -2.08161e+02   -2.58667e+01    3.55766e-06

           Step           Time
           5500       11.00000

   Energies (kJ/mol)
           Bond          Angle    Proper Dih. Ryckaert-Bell.          LJ-14
    8.72828e+02    2.00767e+03    1.41652e+02    1.19380e+03    1.33358e+03
     Coulomb-14        LJ (SR)  Disper. corr.   Coulomb (SR)   Coul. recip.
    6.02942e+03    2.28816e+05   -9.56926e+03   -1.42790e+06    6.12251e+03
 Position Rest.      Potential    Kinetic En.   Total Energy  Conserved En.
    2.74168e+02   -1.19068e+06    1.91786e+05   -9.98892e+05   -9.92232e+05
    Temperature Pres. DC (bar) Pressure (bar)   Constr. rmsd
    2.99693e+02   -2.08093e+02   -6.23436e+01    3.19354e-06

           Step           Time
           6000       12.00000

   Energies (kJ/mol)
           Bond          Angle    Proper Dih. Ryckaert-Bell.          LJ-14
    7.83788e+02    1.94661e+03    1.54910e+02    1.18959e+03    1.38879e+03
     Coulomb-14        LJ (SR)  Disper. corr.   Coulomb (SR)   Coul. recip.
    6.12677e+03    2.29460e+05   -9.54780e+03   -1.42912e+06    6.43668e+03
 Position Rest.      Potential    Kinetic En.   Total Energy  Conserved En.
    3.05239e+02   -1.19087e+06    1.91176e+05   -9.99696e+05   -9.92225e+05
    Temperature Pres. DC (bar) Pressure (bar)   Constr. rmsd
    2.98741e+02   -2.07162e+02   -3.98381e+01    3.39410e-06

           Step           Time
           6500       13.00000

   Energies (kJ/mol)
           Bond          Angle    Proper Dih. Ryckaert-Bell.          LJ-14
    6.96339e+02    2.09615e+03    1.30245e+02    1.19593e+03    1.30416e+03
     Coulomb-14        LJ (SR)  Disper. corr.   Coulomb (SR)   Coul. recip.
    6.02270e+03    2.29743e+05   -9.55149e+03   -1.42871e+06    6.30914e+03
 Position Rest.      Potential    Kinetic En.   Total Energy  Conserved En.
    3.10472e+02   -1.19045e+06    1.92267e+05   -9.98186e+05   -9.92201e+05
    Temperature Pres. DC (bar) Pressure (bar)   Constr. rmsd
    3.00446e+02   -2.07322e+02   -2.72020e+00    3.61842e-06

           Step           Time
           7000       14.00000

   Energies (kJ/mol)
           Bond          Angle    Proper Dih. Ryckaert-Bell.          LJ-14
    7.72429e+02    2.18492e+03    1.18259e+02    1.19401e+03    1.31759e+03
     Coulomb-14        LJ (SR)  Disper. corr.   Coulomb (SR)   Coul. recip.
    6.07322e+03    2.31046e+05   -9.55196e+03   -1.42948e+06    6.26192e+03
 Position Rest.      Potential    Kinetic En.   Total Energy  Conserved En.
    3.40439e+02   -1.18972e+06    1.92489e+05   -9.97233e+05   -9.92214e+05
    Temperature Pres. DC (bar) Pressure (bar)   Constr. rmsd
    3.00792e+02   -2.07342e+02    8.57118e+01    3.86623e-06

           Step           Time
           7500       15.00000

   Energies (kJ/mol)
           Bond          Angle    Proper Dih. Ryckaert-Bell.          LJ-14
    7.78254e+02    2.05678e+03    1.40054e+02    1.22881e+03    1.36566e+03
     Coulomb-14        LJ (SR)  Disper. corr.   Coulomb (SR)   Coul. recip.
    6.10471e+03    2.31668e+05   -9.53475e+03   -1.43107e+06    6.29052e+03
 Position Rest.      Potential    Kinetic En.   Total Energy  Conserved En.
    3.37918e+02   -1.19064e+06    1.92245e+05   -9.98391e+05   -9.92204e+05
    Temperature Pres. DC (bar) Pressure (bar)   Constr. rmsd
    3.00412e+02   -2.06597e+02    6.94109e+01    3.21967e-06

           Step           Time
           8000       16.00000

   Energies (kJ/mol)
           Bond          Angle    Proper Dih. Ryckaert-Bell.          LJ-14
    7.64341e+02    2.29237e+03    1.29935e+02    1.16898e+03    1.37391e+03
     Coulomb-14        LJ (SR)  Disper. corr.   Coulomb (SR)   Coul. recip.
    6.05054e+03    2.29402e+05   -9.55494e+03   -1.42753e+06    6.36815e+03
 Position Rest.      Potential    Kinetic En.   Total Energy  Conserved En.
    3.42653e+02   -1.18920e+06    1.92232e+05   -9.96964e+05   -9.92166e+05
    Temperature Pres. DC (bar) Pressure (bar)   Constr. rmsd
    3.00392e+02   -2.07472e+02   -4.91169e+00    2.95862e-06

           Step           Time
           8500       17.00000

   Energies (kJ/mol)
           Bond          Angle    Proper Dih. Ryckaert-Bell.          LJ-14
    6.75193e+02    2.03450e+03    1.14659e+02    1.08202e+03    1.31598e+03
     Coulomb-14        LJ (SR)  Disper. corr.   Coulomb (SR)   Coul. recip.
    6.04657e+03    2.30376e+05   -9.53212e+03   -1.43063e+06    6.12203e+03
 Position Rest.      Potential    Kinetic En.   Total Energy  Conserved En.
    3.08094e+02   -1.19209e+06    1.92528e+05   -9.99558e+05   -9.92198e+05
    Temperature Pres. DC (bar) Pressure (bar)   Constr. rmsd
    3.00853e+02   -2.06483e+02   -2.94864e+01    3.30436e-06

           Step           Time
           9000       18.00000

   Energies (kJ/mol)
           Bond          Angle    Proper Dih. Ryckaert-Bell.          LJ-14
    7.85868e+02    2.12607e+03    1.16737e+02    1.18603e+03    1.29693e+03
     Coulomb-14        LJ (SR)  Disper. corr.   Coulomb (SR)   Coul. recip.
    6.00443e+03    2.31287e+05   -9.56012e+03   -1.43088e+06    6.19282e+03
 Position Rest.      Potential    Kinetic En.   Total Energy  Conserved En.
    2.85820e+02   -1.19115e+06    1.91951e+05   -9.99203e+05   -9.92167e+05
    Temperature Pres. DC (bar) Pressure (bar)   Constr. rmsd
    2.99952e+02   -2.07696e+02    4.42160e+01    3.27282e-06

           Step           Time
           9500       19.00000

   Energies (kJ/mol)
           Bond          Angle    Proper Dih. Ryckaert-Bell.          LJ-14
    7.95580e+02    1.97200e+03    1.08222e+02    1.18977e+03    1.34253e+03
     Coulomb-14        LJ (SR)  Disper. corr.   Coulomb (SR)   Coul. recip.
    6.04987e+03    2.30688e+05   -9.54968e+03   -1.43042e+06    6.21426e+03
 Position Rest.      Potential    Kinetic En.   Total Energy  Conserved En.
    2.99232e+02   -1.19131e+06    1.91927e+05   -9.99387e+05   -9.92165e+05
    Temperature Pres. DC (bar) Pressure (bar)   Constr. rmsd
    2.99915e+02   -2.07243e+02    2.37115e+01    3.17094e-06

           Step           Time
          10000       20.00000

   Energies (kJ/mol)
           Bond          Angle    Proper Dih. Ryckaert-Bell.          LJ-14
    8.06685e+02    2.11624e+03    1.10008e+02    1.15428e+03    1.33064e+03
     Coulomb-14        LJ (SR)  Disper. corr.   Coulomb (SR)   Coul. recip.
    6.08820e+03    2.31844e+05   -9.56409e+03   -1.43188e+06    6.27957e+03
 Position Rest.      Potential    Kinetic En.   Total Energy  Conserved En.
    3.19242e+02   -1.19140e+06    1.92628e+05   -9.98770e+05   -9.92145e+05
    Temperature Pres. DC (bar) Pressure (bar)   Constr. rmsd
    3.01011e+02   -2.07868e+02    1.15876e+02    3.84229e-06

           Step           Time
          10500       21.00000

   Energies (kJ/mol)
           Bond          Angle    Proper Dih. Ryckaert-Bell.          LJ-14
    7.28481e+02    2.02041e+03    1.18004e+02    1.15475e+03    1.36586e+03
     Coulomb-14        LJ (SR)  Disper. corr.   Coulomb (SR)   Coul. recip.
    6.08270e+03    2.31180e+05   -9.57591e+03   -1.43390e+06    6.09158e+03
 Position Rest.      Potential    Kinetic En.   Total Energy  Conserved En.
    3.01413e+02   -1.19444e+06    1.92147e+05   -1.00229e+06   -9.92144e+05
    Temperature Pres. DC (bar) Pressure (bar)   Constr. rmsd
    3.00258e+02   -2.08382e+02    5.94605e+01    3.71080e-06

           Step           Time
          11000       22.00000

   Energies (kJ/mol)
           Bond          Angle    Proper Dih. Ryckaert-Bell.          LJ-14
    8.15135e+02    2.15264e+03    1.41574e+02    1.14323e+03    1.32010e+03
     Coulomb-14        LJ (SR)  Disper. corr.   Coulomb (SR)   Coul. recip.
    6.05094e+03    2.30651e+05   -9.54893e+03   -1.43014e+06    6.19593e+03
 Position Rest.      Potential    Kinetic En.   Total Energy  Conserved En.
    3.04912e+02   -1.19091e+06    1.92465e+05   -9.98449e+05   -9.92137e+05
    Temperature Pres. DC (bar) Pressure (bar)   Constr. rmsd
    3.00755e+02   -2.07211e+02    1.26668e+01    3.40672e-06

           Step           Time
          11500       23.00000

   Energies (kJ/mol)
           Bond          Angle    Proper Dih. Ryckaert-Bell.          LJ-14
    7.10910e+02    2.18435e+03    1.32602e+02    1.20423e+03    1.32794e+03
     Coulomb-14        LJ (SR)  Disper. corr.   Coulomb (SR)   Coul. recip.
    6.01300e+03    2.30376e+05   -9.56773e+03   -1.43058e+06    6.12936e+03
 Position Rest.      Potential    Kinetic En.   Total Energy  Conserved En.
    3.43977e+02   -1.19173e+06    1.92126e+05   -9.99601e+05   -9.92142e+05
    Temperature Pres. DC (bar) Pressure (bar)   Constr. rmsd
    3.00225e+02   -2.08027e+02    1.87522e+01    2.94194e-06

           Step           Time
          12000       24.00000

   Energies (kJ/mol)
           Bond          Angle    Proper Dih. Ryckaert-Bell.          LJ-14
    7.80488e+02    2.02888e+03    1.08088e+02    1.16064e+03    1.34176e+03
     Coulomb-14        LJ (SR)  Disper. corr.   Coulomb (SR)   Coul. recip.
    6.05571e+03    2.29751e+05   -9.55429e+03   -1.43043e+06    6.26792e+03
 Position Rest.      Potential    Kinetic En.   Total Energy  Conserved En.
    3.38566e+02   -1.19215e+06    1.91741e+05   -1.00041e+06   -9.92121e+05
    Temperature Pres. DC (bar) Pressure (bar)   Constr. rmsd
    2.99624e+02   -2.07443e+02   -8.27303e+01    3.74893e-06

           Step           Time
          12500       25.00000

   Energies (kJ/mol)
           Bond          Angle    Proper Dih. Ryckaert-Bell.          LJ-14
    7.34604e+02    2.10791e+03    1.48100e+02    1.24008e+03    1.32436e+03
     Coulomb-14        LJ (SR)  Disper. corr.   Coulomb (SR)   Coul. recip.
    6.03764e+03    2.31097e+05   -9.54982e+03   -1.43224e+06    6.30917e+03
 Position Rest.      Potential    Kinetic En.   Total Energy  Conserved En.
    3.17499e+02   -1.19247e+06    1.93439e+05   -9.99033e+05   -9.92108e+05
    Temperature Pres. DC (bar) Pressure (bar)   Constr. rmsd
    3.02277e+02   -2.07249e+02    4.07947e+01    2.90475e-06

           Step           Time
          13000       26.00000

   Energies (kJ/mol)
           Bond          Angle    Proper Dih. Ryckaert-Bell.          LJ-14
    8.05268e+02    1.98087e+03    1.10388e+02    1.21880e+03    1.35755e+03
     Coulomb-14        LJ (SR)  Disper. corr.   Coulomb (SR)   Coul. recip.
    6.12381e+03    2.31856e+05   -9.57562e+03   -1.43356e+06    6.22144e+03
 Position Rest.      Potential    Kinetic En.   Total Energy  Conserved En.
    3.31832e+02   -1.19313e+06    1.91101e+05   -1.00203e+06   -9.92096e+05
    Temperature Pres. DC (bar) Pressure (bar)   Constr. rmsd
    2.98624e+02   -2.08369e+02    5.57416e+01    3.39632e-06

           Step           Time
          13500       27.00000

   Energies (kJ/mol)
           Bond          Angle    Proper Dih. Ryckaert-Bell.          LJ-14
    7.59604e+02    2.05141e+03    1.17729e+02    1.14493e+03    1.37296e+03
     Coulomb-14        LJ (SR)  Disper. corr.   Coulomb (SR)   Coul. recip.
    6.05877e+03    2.30892e+05   -9.54213e+03   -1.43000e+06    6.30678e+03
 Position Rest.      Potential    Kinetic En.   Total Energy  Conserved En.
    3.39015e+02   -1.19049e+06    1.92429e+05   -9.98065e+05   -9.92109e+05
    Temperature Pres. DC (bar) Pressure (bar)   Constr. rmsd
    3.00700e+02   -2.06916e+02    3.07335e+01    3.06041e-06

           Step           Time
          14000       28.00000

   Energies (kJ/mol)
           Bond          Angle    Proper Dih. Ryckaert-Bell.          LJ-14
    6.32811e+02    1.99705e+03    1.33004e+02    1.17235e+03    1.34566e+03
     Coulomb-14        LJ (SR)  Disper. corr.   Coulomb (SR)   Coul. recip.
    6.04062e+03    2.30448e+05   -9.56409e+03   -1.43279e+06    6.15610e+03
 Position Rest.      Potential    Kinetic En.   Total Energy  Conserved En.
    2.97055e+02   -1.19413e+06    1.91214e+05   -1.00292e+06   -9.92104e+05
    Temperature Pres. DC (bar) Pressure (bar)   Constr. rmsd
    2.98800e+02   -2.07869e+02   -2.35294e+01    2.72015e-06

           Step           Time
          14500       29.00000

   Energies (kJ/mol)
           Bond          Angle    Proper Dih. Ryckaert-Bell.          LJ-14
    6.81193e+02    2.01941e+03    1.30419e+02    1.24660e+03    1.34601e+03
     Coulomb-14        LJ (SR)  Disper. corr.   Coulomb (SR)   Coul. recip.
    6.06463e+03    2.30773e+05   -9.54243e+03   -1.43239e+06    6.24739e+03
 Position Rest.      Potential    Kinetic En.   Total Energy  Conserved En.
    3.63043e+02   -1.19306e+06    1.92343e+05   -1.00071e+06   -9.92082e+05
    Temperature Pres. DC (bar) Pressure (bar)   Constr. rmsd
    3.00564e+02   -2.06929e+02   -3.47050e+01    2.81342e-06

           Step           Time
          15000       30.00000

   Energies (kJ/mol)
           Bond          Angle    Proper Dih. Ryckaert-Bell.          LJ-14
    7.62664e+02    2.02668e+03    1.25504e+02    1.24089e+03    1.33634e+03
     Coulomb-14        LJ (SR)  Disper. corr.   Coulomb (SR)   Coul. recip.
    6.09502e+03    2.31078e+05   -9.55815e+03   -1.43170e+06    6.20826e+03
 Position Rest.      Potential    Kinetic En.   Total Energy  Conserved En.
    3.63285e+02   -1.19202e+06    1.91839e+05   -1.00019e+06   -9.92074e+05
    Temperature Pres. DC (bar) Pressure (bar)   Constr. rmsd
    2.99777e+02   -2.07611e+02   -1.07153e+01    3.39789e-06

           Step           Time
          15500       31.00000

   Energies (kJ/mol)
           Bond          Angle    Proper Dih. Ryckaert-Bell.          LJ-14
    7.82880e+02    2.00319e+03    1.48399e+02    1.29860e+03    1.34025e+03
     Coulomb-14        LJ (SR)  Disper. corr.   Coulomb (SR)   Coul. recip.
    6.05467e+03    2.31780e+05   -9.57341e+03   -1.43086e+06    6.33296e+03
 Position Rest.      Potential    Kinetic En.   Total Energy  Conserved En.
    3.26996e+02   -1.19037e+06    1.91053e+05   -9.99317e+05   -9.92036e+05
    Temperature Pres. DC (bar) Pressure (bar)   Constr. rmsd
    2.98549e+02   -2.08273e+02    1.63385e+02    3.24138e-06

Writing checkpoint, step 15880 at Thu Dec 19 11:45:42 2024


           Step           Time
          16000       32.00000

   Energies (kJ/mol)
           Bond          Angle    Proper Dih. Ryckaert-Bell.          LJ-14
    8.10065e+02    1.96951e+03    1.06494e+02    1.22186e+03    1.36224e+03
     Coulomb-14        LJ (SR)  Disper. corr.   Coulomb (SR)   Coul. recip.
    6.11333e+03    2.30049e+05   -9.54089e+03   -1.42951e+06    6.20408e+03
 Position Rest.      Potential    Kinetic En.   Total Energy  Conserved En.
    3.42539e+02   -1.19087e+06    1.92121e+05   -9.98753e+05   -9.92048e+05
    Temperature Pres. DC (bar) Pressure (bar)   Constr. rmsd
    3.00218e+02   -2.06863e+02   -6.49956e-01    3.26129e-06

           Step           Time
          16500       33.00000

   Energies (kJ/mol)
           Bond          Angle    Proper Dih. Ryckaert-Bell.          LJ-14
    7.46902e+02    2.10661e+03    1.57828e+02    1.28908e+03    1.31695e+03
     Coulomb-14        LJ (SR)  Disper. corr.   Coulomb (SR)   Coul. recip.
    6.06300e+03    2.29091e+05   -9.52197e+03   -1.42665e+06    6.12916e+03
 Position Rest.      Potential    Kinetic En.   Total Energy  Conserved En.
    3.61848e+02   -1.18891e+06    1.91315e+05   -9.97597e+05   -9.92053e+05
    Temperature Pres. DC (bar) Pressure (bar)   Constr. rmsd
    2.98958e+02   -2.06044e+02   -9.16160e+01    3.30026e-06

           Step           Time
          17000       34.00000

   Energies (kJ/mol)
           Bond          Angle    Proper Dih. Ryckaert-Bell.          LJ-14
    7.45300e+02    1.99089e+03    1.31386e+02    1.15387e+03    1.37703e+03
     Coulomb-14        LJ (SR)  Disper. corr.   Coulomb (SR)   Coul. recip.
    5.98412e+03    2.30878e+05   -9.58627e+03   -1.43088e+06    6.20680e+03
 Position Rest.      Potential    Kinetic En.   Total Energy  Conserved En.
    3.39274e+02   -1.19166e+06    1.91075e+05   -1.00058e+06   -9.92015e+05
    Temperature Pres. DC (bar) Pressure (bar)   Constr. rmsd
    2.98583e+02   -2.08833e+02    1.18136e+02    2.75717e-06

           Step           Time
          17500       35.00000

   Energies (kJ/mol)
           Bond          Angle    Proper Dih. Ryckaert-Bell.          LJ-14
    8.07979e+02    2.14364e+03    1.15117e+02    1.24280e+03    1.28283e+03
     Coulomb-14        LJ (SR)  Disper. corr.   Coulomb (SR)   Coul. recip.
    6.03303e+03    2.31465e+05   -9.56426e+03   -1.43102e+06    6.29869e+03
 Position Rest.      Potential    Kinetic En.   Total Energy  Conserved En.
    3.25326e+02   -1.19087e+06    1.91398e+05   -9.99469e+05   -9.91998e+05
    Temperature Pres. DC (bar) Pressure (bar)   Constr. rmsd
    2.99088e+02   -2.07876e+02    4.56874e+01    2.78939e-06

           Step           Time
          18000       36.00000

   Energies (kJ/mol)
           Bond          Angle    Proper Dih. Ryckaert-Bell.          LJ-14
    7.12656e+02    1.94213e+03    9.83076e+01    1.25276e+03    1.36946e+03
     Coulomb-14        LJ (SR)  Disper. corr.   Coulomb (SR)   Coul. recip.
    6.09565e+03    2.30274e+05   -9.54798e+03   -1.43178e+06    6.32983e+03
 Position Rest.      Potential    Kinetic En.   Total Energy  Conserved En.
    3.28909e+02   -1.19293e+06    1.92264e+05   -1.00066e+06   -9.92026e+05
    Temperature Pres. DC (bar) Pressure (bar)   Constr. rmsd
    3.00440e+02   -2.07170e+02   -8.21924e+01    3.08273e-06

           Step           Time
          18500       37.00000

   Energies (kJ/mol)
           Bond          Angle    Proper Dih. Ryckaert-Bell.          LJ-14
    7.45541e+02    2.04668e+03    1.11938e+02    1.21932e+03    1.39449e+03
     Coulomb-14        LJ (SR)  Disper. corr.   Coulomb (SR)   Coul. recip.
    6.05466e+03    2.29222e+05   -9.54042e+03   -1.42977e+06    6.30656e+03
 Position Rest.      Potential    Kinetic En.   Total Energy  Conserved En.
    3.45856e+02   -1.19186e+06    1.92774e+05   -9.99087e+05   -9.92007e+05
    Temperature Pres. DC (bar) Pressure (bar)   Constr. rmsd
    3.01238e+02   -2.06842e+02   -1.55358e+02    3.21901e-06

           Step           Time
          19000       38.00000

   Energies (kJ/mol)
           Bond          Angle    Proper Dih. Ryckaert-Bell.          LJ-14
    7.41175e+02    1.98500e+03    1.28066e+02    1.16349e+03    1.33408e+03
     Coulomb-14        LJ (SR)  Disper. corr.   Coulomb (SR)   Coul. recip.
    6.08504e+03    2.31640e+05   -9.56189e+03   -1.43322e+06    6.18481e+03
 Position Rest.      Potential    Kinetic En.   Total Energy  Conserved En.
    3.47758e+02   -1.19317e+06    1.91172e+05   -1.00200e+06   -9.92005e+05
    Temperature Pres. DC (bar) Pressure (bar)   Constr. rmsd
    2.98735e+02   -2.07773e+02    7.40812e+01    3.11727e-06

           Step           Time
          19500       39.00000

   Energies (kJ/mol)
           Bond          Angle    Proper Dih. Ryckaert-Bell.          LJ-14
    7.77648e+02    2.02456e+03    9.68792e+01    1.13408e+03    1.31775e+03
     Coulomb-14        LJ (SR)  Disper. corr.   Coulomb (SR)   Coul. recip.
    6.03988e+03    2.28903e+05   -9.52738e+03   -1.42780e+06    6.24960e+03
 Position Rest.      Potential    Kinetic En.   Total Energy  Conserved En.
    3.28408e+02   -1.19045e+06    1.92118e+05   -9.98335e+05   -9.91995e+05
    Temperature Pres. DC (bar) Pressure (bar)   Constr. rmsd
    3.00212e+02   -2.06278e+02   -9.57713e+01    3.73972e-06

           Step           Time
          20000       40.00000

   Energies (kJ/mol)
           Bond          Angle    Proper Dih. Ryckaert-Bell.          LJ-14
    7.61492e+02    2.08444e+03    1.36551e+02    1.13855e+03    1.37828e+03
     Coulomb-14        LJ (SR)  Disper. corr.   Coulomb (SR)   Coul. recip.
    6.02959e+03    2.30135e+05   -9.55442e+03   -1.42883e+06    6.31273e+03
 Position Rest.      Potential    Kinetic En.   Total Energy  Conserved En.
    4.02658e+02   -1.19001e+06    1.92425e+05   -9.97583e+05   -9.91974e+05
    Temperature Pres. DC (bar) Pressure (bar)   Constr. rmsd
    3.00693e+02   -2.07449e+02    3.45310e+01    3.19140e-06

           Step           Time
          20500       41.00000

   Energies (kJ/mol)
           Bond          Angle    Proper Dih. Ryckaert-Bell.          LJ-14
    7.39395e+02    2.02305e+03    1.21602e+02    1.12094e+03    1.35912e+03
     Coulomb-14        LJ (SR)  Disper. corr.   Coulomb (SR)   Coul. recip.
    6.03006e+03    2.27160e+05   -9.56079e+03   -1.42689e+06    6.26479e+03
 Position Rest.      Potential    Kinetic En.   Total Energy  Conserved En.
    3.55113e+02   -1.19128e+06    1.92698e+05   -9.98580e+05   -9.91968e+05
    Temperature Pres. DC (bar) Pressure (bar)   Constr. rmsd
    3.01119e+02   -2.07725e+02   -2.39394e+02    2.70640e-06

           Step           Time
          21000       42.00000

   Energies (kJ/mol)
           Bond          Angle    Proper Dih. Ryckaert-Bell.          LJ-14
    7.92328e+02    2.11785e+03    1.09375e+02    1.23528e+03    1.33579e+03
     Coulomb-14        LJ (SR)  Disper. corr.   Coulomb (SR)   Coul. recip.
    6.00768e+03    2.29536e+05   -9.54594e+03   -1.42866e+06    6.31756e+03
 Position Rest.      Potential    Kinetic En.   Total Energy  Conserved En.
    3.11118e+02   -1.19044e+06    1.91403e+05   -9.99036e+05   -9.91933e+05
    Temperature Pres. DC (bar) Pressure (bar)   Constr. rmsd
    2.99096e+02   -2.07081e+02   -7.09799e+01    2.84248e-06

           Step           Time
          21500       43.00000

   Energies (kJ/mol)
           Bond          Angle    Proper Dih. Ryckaert-Bell.          LJ-14
    7.39204e+02    2.04751e+03    1.58263e+02    1.26930e+03    1.38328e+03
     Coulomb-14        LJ (SR)  Disper. corr.   Coulomb (SR)   Coul. recip.
    6.03981e+03    2.28805e+05   -9.55090e+03   -1.42930e+06    6.26343e+03
 Position Rest.      Potential    Kinetic En.   Total Energy  Conserved En.
    3.48255e+02   -1.19179e+06    1.92520e+05   -9.99273e+05   -9.91941e+05
    Temperature Pres. DC (bar) Pressure (bar)   Constr. rmsd
    3.00841e+02   -2.07296e+02   -1.28641e+02    3.29167e-06

           Step           Time
          22000       44.00000

   Energies (kJ/mol)
           Bond          Angle    Proper Dih. Ryckaert-Bell.          LJ-14
    6.68528e+02    2.06381e+03    1.22984e+02    1.24477e+03    1.36277e+03
     Coulomb-14        LJ (SR)  Disper. corr.   Coulomb (SR)   Coul. recip.
    6.10684e+03    2.29814e+05   -9.57284e+03   -1.43080e+06    6.20355e+03
 Position Rest.      Potential    Kinetic En.   Total Energy  Conserved En.
    3.36986e+02   -1.19245e+06    1.92088e+05   -1.00036e+06   -9.91927e+05
    Temperature Pres. DC (bar) Pressure (bar)   Constr. rmsd
    3.00166e+02   -2.08249e+02   -1.71143e+01    3.27817e-06

           Step           Time
          22500       45.00000

   Energies (kJ/mol)
           Bond          Angle    Proper Dih. Ryckaert-Bell.          LJ-14
    7.21926e+02    2.00865e+03    1.12702e+02    1.20945e+03    1.40322e+03
     Coulomb-14        LJ (SR)  Disper. corr.   Coulomb (SR)   Coul. recip.
    6.05162e+03    2.29783e+05   -9.53775e+03   -1.42899e+06    6.16882e+03
 Position Rest.      Potential    Kinetic En.   Total Energy  Conserved En.
    3.14530e+02   -1.19075e+06    1.91512e+05   -9.99242e+05   -9.91914e+05
    Temperature Pres. DC (bar) Pressure (bar)   Constr. rmsd
    2.99266e+02   -2.06726e+02    2.82679e+01    2.95034e-06

           Step           Time
          23000       46.00000

   Energies (kJ/mol)
           Bond          Angle    Proper Dih. Ryckaert-Bell.          LJ-14
    7.02124e+02    2.11238e+03    1.30720e+02    1.20970e+03    1.34699e+03
     Coulomb-14        LJ (SR)  Disper. corr.   Coulomb (SR)   Coul. recip.
    6.01955e+03    2.29775e+05   -9.56548e+03   -1.42990e+06    6.21673e+03
 Position Rest.      Potential    Kinetic En.   Total Energy  Conserved En.
    3.05138e+02   -1.19164e+06    1.91547e+05   -1.00010e+06   -9.91913e+05
    Temperature Pres. DC (bar) Pressure (bar)   Constr. rmsd
    2.99320e+02   -2.07929e+02   -4.04141e+01    3.27790e-06

           Step           Time
          23500       47.00000

   Energies (kJ/mol)
           Bond          Angle    Proper Dih. Ryckaert-Bell.          LJ-14
    7.38106e+02    1.93329e+03    1.36166e+02    1.22427e+03    1.35543e+03
     Coulomb-14        LJ (SR)  Disper. corr.   Coulomb (SR)   Coul. recip.
    6.09811e+03    2.30791e+05   -9.55720e+03   -1.43009e+06    6.29352e+03
 Position Rest.      Potential    Kinetic En.   Total Energy  Conserved En.
    3.33335e+02   -1.19075e+06    1.90371e+05   -1.00037e+06   -9.91892e+05
    Temperature Pres. DC (bar) Pressure (bar)   Constr. rmsd
    2.97483e+02   -2.07569e+02    2.69242e+01    2.94676e-06

           Step           Time
          24000       48.00000

   Energies (kJ/mol)
           Bond          Angle    Proper Dih. Ryckaert-Bell.          LJ-14
    7.62110e+02    1.96409e+03    1.12992e+02    1.18980e+03    1.35211e+03
     Coulomb-14        LJ (SR)  Disper. corr.   Coulomb (SR)   Coul. recip.
    5.98883e+03    2.30200e+05   -9.58321e+03   -1.43032e+06    6.20831e+03
 Position Rest.      Potential    Kinetic En.   Total Energy  Conserved En.
    3.02962e+02   -1.19182e+06    1.91941e+05   -9.99878e+05   -9.91900e+05
    Temperature Pres. DC (bar) Pressure (bar)   Constr. rmsd
    2.99937e+02   -2.08700e+02    8.52952e+01    3.49196e-06

           Step           Time
          24500       49.00000

   Energies (kJ/mol)
           Bond          Angle    Proper Dih. Ryckaert-Bell.          LJ-14
    7.88740e+02    2.05488e+03    1.26122e+02    1.18775e+03    1.36488e+03
     Coulomb-14        LJ (SR)  Disper. corr.   Coulomb (SR)   Coul. recip.
    6.10405e+03    2.31057e+05   -9.56938e+03   -1.43175e+06    6.27212e+03
 Position Rest.      Potential    Kinetic En.   Total Energy  Conserved En.
    3.19025e+02   -1.19204e+06    1.90597e+05   -1.00144e+06   -9.91856e+05
    Temperature Pres. DC (bar) Pressure (bar)   Constr. rmsd
    2.97837e+02   -2.08098e+02    5.12172e+01    3.02022e-06

           Step           Time
          25000       50.00000

Writing checkpoint, step 25000 at Thu Dec 19 11:57:59 2024


   Energies (kJ/mol)
           Bond          Angle    Proper Dih. Ryckaert-Bell.          LJ-14
    7.14051e+02    2.06530e+03    1.40746e+02    1.18900e+03    1.35898e+03
     Coulomb-14        LJ (SR)  Disper. corr.   Coulomb (SR)   Coul. recip.
    6.09299e+03    2.31330e+05   -9.57409e+03   -1.43226e+06    6.29994e+03
 Position Rest.      Potential    Kinetic En.   Total Energy  Conserved En.
    3.36364e+02   -1.19231e+06    1.92341e+05   -9.99967e+05   -9.91855e+05
    Temperature Pres. DC (bar) Pressure (bar)   Constr. rmsd
    3.00561e+02   -2.08303e+02    1.25609e+02    3.29565e-06


Energy conservation over simulation part #1 of length 50 ns, time 0 to 50 ns
  Conserved energy drift: 1.45e-04 kJ/mol/ps per atom


	<======  ###############  ==>
	<====  A V E R A G E S  ====>
	<==  ###############  ======>

	Statistics over 25001 steps using 251 frames

   Energies (kJ/mol)
           Bond          Angle    Proper Dih. Ryckaert-Bell.          LJ-14
    7.66562e+02    2.07928e+03    1.25532e+02    1.19707e+03    1.34574e+03
     Coulomb-14        LJ (SR)  Disper. corr.   Coulomb (SR)   Coul. recip.
    6.05996e+03    2.30262e+05   -9.55134e+03   -1.42981e+06    6.25080e+03
 Position Rest.      Potential    Kinetic En.   Total Energy  Conserved En.
    3.18371e+02   -1.19096e+06    1.92075e+05   -9.98881e+05   -9.92108e+05
    Temperature Pres. DC (bar) Pressure (bar)   Constr. rmsd
    3.00146e+02   -2.07318e+02   -4.75538e-01    0.00000e+00

          Box-X          Box-Y          Box-Z
    9.14958e+00    9.14958e+00    9.14958e+00

   Total Virial (kJ/mol)
    6.39331e+04   -8.94956e+01    5.42029e+01
   -8.98988e+01    6.41277e+04    1.27187e+02
    5.42397e+01    1.27771e+02    6.40588e+04

   Pressure (bar)
    4.70811e+00    5.08725e+00   -3.38221e+00
    5.10474e+00   -4.61911e+00   -3.86110e+00
   -3.38382e+00   -3.88645e+00   -1.51561e+00

      T-Protein  T-non-Protein
    3.01117e+02    3.00129e+02


	M E G A - F L O P S   A C C O U N T I N G

 NB=Group-cutoff nonbonded kernels    NxN=N-by-N cluster Verlet kernels
 RF=Reaction-Field  VdW=Van der Waals  QSTab=quadratic-spline table
 W3=SPC/TIP3p  W4=TIP4p (single or pairs)
 V&F=Potential and force  V=Potential only  F=Force only

 Computing:                               M-Number         M-Flops  % Flops
-----------------------------------------------------------------------------
 Pair Search distance check           17145.870386      154312.833     0.4
 NxN QSTab Elec. + LJ [F]            467877.886744    19182993.357    50.4
 NxN QSTab Elec. + LJ [V&F]            4745.003416      279955.202     0.7
 NxN QSTab Elec. [F]                 448564.204104    15251182.940    40.0
 NxN QSTab Elec. [V&F]                 4549.443496      186527.183     0.5
 1,4 nonbonded interactions              68.902756        6201.248     0.0
 Calc Weights                          5752.880106      207103.684     0.5
 Spread Q Bspline                    122728.108928      245456.218     0.6
 Gather F Bspline                    122728.108928      736368.654     1.9
 3D-FFT                              191390.905330     1531127.243     4.0
 Solve PME                               90.003600        5760.230     0.0
 Shift-X                                 48.015452         288.093     0.0
 Bonds                                   13.575543         800.957     0.0
 Angles                                  48.051922        8072.723     0.0
 Propers                                  5.375215        1230.924     0.0
 RB-Dihedrals                            54.027161       13344.709     0.0
 Pos. Restr.                             13.300532         665.027     0.0
 Virial                                 191.944247        3454.996     0.0
 Stop-CM                                 19.252202         192.522     0.0
 Calc-Ekin                              383.663404       10358.912     0.0
 Lincs                                   13.100524         786.031     0.0
 Lincs-Mat                               67.502700         270.011     0.0
 Constraint-V                          1917.401693       17256.615     0.0
 Constraint-Vir                         190.498669        4571.968     0.0
 Settle                                 630.400215      233248.080     0.6
-----------------------------------------------------------------------------
 Total                                                38081530.358   100.0
-----------------------------------------------------------------------------


     R E A L   C Y C L E   A N D   T I M E   A C C O U N T I N G

On 1 MPI rank, each using 3 OpenMP threads

 Computing:          Num   Num      Call    Wall time         Giga-Cycles
                     Ranks Threads  Count      (s)         total sum    %
-----------------------------------------------------------------------------
 Neighbor search        1    3        626      42.094        352.932   2.6
 Force                  1    3      25001    1319.830      11066.056  80.4
 PME mesh               1    3      25001     232.755       1951.524  14.2
 NB X/F buffer ops.     1    3      49376      16.203        135.855   1.0
 Write traj.            1    3         52       2.332         19.550   0.1
 Update                 1    3      25001       9.588         80.394   0.6
 Constraints            1    3      25001      14.776        123.888   0.9
 Rest                                           4.234         35.497   0.3
-----------------------------------------------------------------------------
 Total                                       1641.812      13765.697 100.0
-----------------------------------------------------------------------------
 Breakdown of PME mesh computation
-----------------------------------------------------------------------------
 PME spread             1    3      25001      89.896        753.733   5.5
 PME gather             1    3      25001      95.787        803.118   5.8
 PME 3D-FFT             1    3      50002      40.603        340.431   2.5
 PME solve Elec         1    3      25001       5.926         49.690   0.4
-----------------------------------------------------------------------------

               Core t (s)   Wall t (s)        (%)
       Time:     4925.435     1641.812      300.0
                 (ns/day)    (hour/ns)
Performance:        2.631        9.121
Finished mdrun on rank 0 Thu Dec 19 11:58:00 2024

