              :-) GROMACS - gmx mdrun, 2021.4-Ubuntu-2021.4-2 (-:

                            GROMACS is written by:
     Andrey Alekseenko              Emile Apol              Rossen Apostolov     
         Paul Bauer           Herman J.C. Berendsen           Par Bjelkmar       
       Christian Blau           Viacheslav Bolnykh             Kevin Boyd        
     Aldert van Buuren           Rudi van Drunen             Anton Feenstra      
    Gilles Gouaillardet             Alan Gray               Gerrit Groenhof      
       Anca Hamuraru            Vincent Hindriksen          M. Eric Irrgang      
      Aleksei Iupinov           Christoph Junghans             Joe Jordan        
    Dimitrios Karkoulis            Peter Kasson                Jiri Kraus        
      Carsten Kutzner              Per Larsson              Justin A. Lemkul     
       Viveca Lindahl            Magnus Lundborg             Erik Marklund       
        Pascal Merz             Pieter Meulenhoff            Teemu Murtola       
        Szilard Pall               Sander Pronk              Roland Schulz       
       Michael Shirts            Alexey Shvetsov             Alfons Sijbers      
       Peter Tieleman              Jon Vincent              Teemu Virolainen     
     Christian Wennberg            Maarten Wolf              Artem Zhmurov       
                           and the project leaders:
        Mark Abraham, Berk Hess, Erik Lindahl, and David van der Spoel

Copyright (c) 1991-2000, University of Groningen, The Netherlands.
Copyright (c) 2001-2019, The GROMACS development team at
Uppsala University, Stockholm University and
the Royal Institute of Technology, Sweden.
check out http://www.gromacs.org for more information.

GROMACS is free software; you can redistribute it and/or modify it
under the terms of the GNU Lesser General Public License
as published by the Free Software Foundation; either version 2.1
of the License, or (at your option) any later version.

GROMACS:      gmx mdrun, version 2021.4-Ubuntu-2021.4-2
Executable:   /usr/bin/gmx
Data prefix:  /usr
Working dir:  /home/turbina/Downloads
Process ID:   5576
Command line:
  gmx mdrun -deffnm nvt

GROMACS version:    2021.4-Ubuntu-2021.4-2
Precision:          mixed
Memory model:       64 bit
MPI library:        thread_mpi
OpenMP support:     enabled (GMX_OPENMP_MAX_THREADS = 64)
GPU support:        disabled
SIMD instructions:  SSE4.1
FFT library:        fftw-3.3.8-sse2-avx
RDTSCP usage:       enabled
TNG support:        enabled
Hwloc support:      hwloc-2.5.0
Tracing support:    disabled
C compiler:         /usr/bin/cc GNU 11.2.0
C compiler flags:   -msse4.1 -Wno-missing-field-initializers -fexcess-precision=fast -funroll-all-loops -O3 -DNDEBUG
C++ compiler:       /usr/bin/c++ GNU 11.2.0
C++ compiler flags: -msse4.1 -Wno-missing-field-initializers -fexcess-precision=fast -funroll-all-loops -fopenmp -O3 -DNDEBUG


Running on 1 node with total 3 cores, 3 logical cores
Hardware detected:
  CPU info:
    Vendor: AMD
    Brand:  AMD Ryzen 5 7520U with Radeon Graphics         
    Family: 23   Model: 160   Stepping: 0
    Features: aes amd apic avx avx2 clfsh cmov cx8 cx16 htt lahf misalignsse mmx msr nonstop_tsc pclmuldq popcnt pse rdrnd rdtscp sse2 sse3 sse4a sse4.1 sse4.2 ssse3 x2apic
  Hardware topology: Full, with devices
    Sockets, cores, and logical processors:
      Socket  0: [   0] [   1] [   2]
    Numa nodes:
      Node  0 (8327979008 bytes mem):   0   1   2
      Latency:
               0
         0  1.00
    Caches:
      L1: 32768 bytes, linesize 64 bytes, assoc. 16, shared 1 ways
      L2: 524288 bytes, linesize 64 bytes, assoc. 8, shared 1 ways
      L3: 4194304 bytes, linesize 64 bytes, assoc. 1024, shared 3 ways
    PCI devices:
      0000:00:01.1  Id: 8086:7111  Class: 0x0101  Numa: 0
      0000:00:02.0  Id: 15ad:0405  Class: 0x0300  Numa: 0
      0000:00:03.0  Id: 8086:100e  Class: 0x0200  Numa: 0
      0000:00:0d.0  Id: 8086:2829  Class: 0x0106  Numa: 0

Highest SIMD level supported by all nodes in run: AVX2_256
SIMD instructions selected at compile time:       SSE4.1
This program was compiled for different hardware than you are running on,
which could influence performance.

++++ PLEASE READ AND CITE THE FOLLOWING REFERENCE ++++
M. J. Abraham, T. Murtola, R. Schulz, S. Páll, J. C. Smith, B. Hess, E.
Lindahl
GROMACS: High performance molecular simulations through multi-level
parallelism from laptops to supercomputers
SoftwareX 1 (2015) pp. 19-25
-------- -------- --- Thank You --- -------- --------


++++ PLEASE READ AND CITE THE FOLLOWING REFERENCE ++++
S. Páll, M. J. Abraham, C. Kutzner, B. Hess, E. Lindahl
Tackling Exascale Software Challenges in Molecular Dynamics Simulations with
GROMACS
In S. Markidis & E. Laure (Eds.), Solving Software Challenges for Exascale 8759 (2015) pp. 3-27
-------- -------- --- Thank You --- -------- --------


++++ PLEASE READ AND CITE THE FOLLOWING REFERENCE ++++
S. Pronk, S. Páll, R. Schulz, P. Larsson, P. Bjelkmar, R. Apostolov, M. R.
Shirts, J. C. Smith, P. M. Kasson, D. van der Spoel, B. Hess, and E. Lindahl
GROMACS 4.5: a high-throughput and highly parallel open source molecular
simulation toolkit
Bioinformatics 29 (2013) pp. 845-54
-------- -------- --- Thank You --- -------- --------


++++ PLEASE READ AND CITE THE FOLLOWING REFERENCE ++++
B. Hess and C. Kutzner and D. van der Spoel and E. Lindahl
GROMACS 4: Algorithms for highly efficient, load-balanced, and scalable
molecular simulation
J. Chem. Theory Comput. 4 (2008) pp. 435-447
-------- -------- --- Thank You --- -------- --------


++++ PLEASE READ AND CITE THE FOLLOWING REFERENCE ++++
D. van der Spoel, E. Lindahl, B. Hess, G. Groenhof, A. E. Mark and H. J. C.
Berendsen
GROMACS: Fast, Flexible and Free
J. Comp. Chem. 26 (2005) pp. 1701-1719
-------- -------- --- Thank You --- -------- --------


++++ PLEASE READ AND CITE THE FOLLOWING REFERENCE ++++
E. Lindahl and B. Hess and D. van der Spoel
GROMACS 3.0: A package for molecular simulation and trajectory analysis
J. Mol. Mod. 7 (2001) pp. 306-317
-------- -------- --- Thank You --- -------- --------


++++ PLEASE READ AND CITE THE FOLLOWING REFERENCE ++++
H. J. C. Berendsen, D. van der Spoel and R. van Drunen
GROMACS: A message-passing parallel molecular dynamics implementation
Comp. Phys. Comm. 91 (1995) pp. 43-56
-------- -------- --- Thank You --- -------- --------

Input Parameters:
   integrator                     = md
   tinit                          = 0
   dt                             = 0.002
   nsteps                         = 5000
   init-step                      = 0
   simulation-part                = 1
   mts                            = false
   comm-mode                      = Linear
   nstcomm                        = 100
   bd-fric                        = 0
   ld-seed                        = -671614510
   emtol                          = 10
   emstep                         = 0.01
   niter                          = 20
   fcstep                         = 0
   nstcgsteep                     = 1000
   nbfgscorr                      = 10
   rtpi                           = 0.05
   nstxout                        = 500
   nstvout                        = 500
   nstfout                        = 0
   nstlog                         = 500
   nstcalcenergy                  = 100
   nstenergy                      = 500
   nstxout-compressed             = 0
   compressed-x-precision         = 1000
   cutoff-scheme                  = Verlet
   nstlist                        = 10
   pbc                            = xyz
   periodic-molecules             = false
   verlet-buffer-tolerance        = 0.005
   rlist                          = 1
   coulombtype                    = PME
   coulomb-modifier               = Potential-shift
   rcoulomb-switch                = 0
   rcoulomb                       = 1
   epsilon-r                      = 1
   epsilon-rf                     = inf
   vdw-type                       = Cut-off
   vdw-modifier                   = Potential-shift
   rvdw-switch                    = 0
   rvdw                           = 1
   DispCorr                       = EnerPres
   table-extension                = 1
   fourierspacing                 = 0.16
   fourier-nx                     = 60
   fourier-ny                     = 60
   fourier-nz                     = 60
   pme-order                      = 4
   ewald-rtol                     = 1e-05
   ewald-rtol-lj                  = 0.001
   lj-pme-comb-rule               = Geometric
   ewald-geometry                 = 0
   epsilon-surface                = 0
   tcoupl                         = V-rescale
   nsttcouple                     = 10
   nh-chain-length                = 0
   print-nose-hoover-chain-variables = false
   pcoupl                         = No
   pcoupltype                     = Isotropic
   nstpcouple                     = -1
   tau-p                          = 1
   compressibility (3x3):
      compressibility[    0]={ 0.00000e+00,  0.00000e+00,  0.00000e+00}
      compressibility[    1]={ 0.00000e+00,  0.00000e+00,  0.00000e+00}
      compressibility[    2]={ 0.00000e+00,  0.00000e+00,  0.00000e+00}
   ref-p (3x3):
      ref-p[    0]={ 0.00000e+00,  0.00000e+00,  0.00000e+00}
      ref-p[    1]={ 0.00000e+00,  0.00000e+00,  0.00000e+00}
      ref-p[    2]={ 0.00000e+00,  0.00000e+00,  0.00000e+00}
   refcoord-scaling               = No
   posres-com (3):
      posres-com[0]= 0.00000e+00
      posres-com[1]= 0.00000e+00
      posres-com[2]= 0.00000e+00
   posres-comB (3):
      posres-comB[0]= 0.00000e+00
      posres-comB[1]= 0.00000e+00
      posres-comB[2]= 0.00000e+00
   QMMM                           = false
qm-opts:
   ngQM                           = 0
   constraint-algorithm           = Lincs
   continuation                   = false
   Shake-SOR                      = false
   shake-tol                      = 0.0001
   lincs-order                    = 4
   lincs-iter                     = 1
   lincs-warnangle                = 30
   nwall                          = 0
   wall-type                      = 9-3
   wall-r-linpot                  = -1
   wall-atomtype[0]               = -1
   wall-atomtype[1]               = -1
   wall-density[0]                = 0
   wall-density[1]                = 0
   wall-ewald-zfac                = 3
   pull                           = false
   awh                            = false
   rotation                       = false
   interactiveMD                  = false
   disre                          = No
   disre-weighting                = Conservative
   disre-mixed                    = false
   dr-fc                          = 1000
   dr-tau                         = 0
   nstdisreout                    = 100
   orire-fc                       = 0
   orire-tau                      = 0
   nstorireout                    = 100
   free-energy                    = no
   cos-acceleration               = 0
   deform (3x3):
      deform[    0]={ 0.00000e+00,  0.00000e+00,  0.00000e+00}
      deform[    1]={ 0.00000e+00,  0.00000e+00,  0.00000e+00}
      deform[    2]={ 0.00000e+00,  0.00000e+00,  0.00000e+00}
   simulated-tempering            = false
   swapcoords                     = no
   userint1                       = 0
   userint2                       = 0
   userint3                       = 0
   userint4                       = 0
   userreal1                      = 0
   userreal2                      = 0
   userreal3                      = 0
   userreal4                      = 0
   applied-forces:
     electric-field:
       x:
         E0                       = 0
         omega                    = 0
         t0                       = 0
         sigma                    = 0
       y:
         E0                       = 0
         omega                    = 0
         t0                       = 0
         sigma                    = 0
       z:
         E0                       = 0
         omega                    = 0
         t0                       = 0
         sigma                    = 0
     density-guided-simulation:
       active                     = false
       group                      = protein
       similarity-measure         = inner-product
       atom-spreading-weight      = unity
       force-constant             = 1e+09
       gaussian-transform-spreading-width = 0.2
       gaussian-transform-spreading-range-in-multiples-of-width = 4
       reference-density-filename = reference.mrc
       nst                        = 1
       normalize-densities        = true
       adaptive-force-scaling     = false
       adaptive-force-scaling-time-constant = 4
       shift-vector               = 
       transformation-matrix      = 
grpopts:
   nrdf:     2643.95      151290
   ref-t:         300         300
   tau-t:         0.1         0.1
annealing:          No          No
annealing-npoints:           0           0
   acc:	           0           0           0
   nfreeze:           N           N           N
   energygrp-flags[  0]: 0

Changing nstlist from 10 to 40, rlist from 1 to 1.097

Using 1 MPI thread
Using 3 OpenMP threads 

Pinning threads with an auto-selected logical core stride of 1
System total charge: -0.000
Will do PME sum in reciprocal space for electrostatic interactions.

++++ PLEASE READ AND CITE THE FOLLOWING REFERENCE ++++
U. Essmann, L. Perera, M. L. Berkowitz, T. Darden, H. Lee and L. G. Pedersen 
A smooth particle mesh Ewald method
J. Chem. Phys. 103 (1995) pp. 8577-8592
-------- -------- --- Thank You --- -------- --------

Using a Gaussian width (1/beta) of 0.320163 nm for Ewald
Potential shift: LJ r^-12: -1.000e+00 r^-6: -1.000e+00, Ewald -1.000e-05
Initialized non-bonded Ewald tables, spacing: 9.33e-04 size: 1073

Generated table with 1048 data points for 1-4 COUL.
Tabscale = 500 points/nm
Generated table with 1048 data points for 1-4 LJ6.
Tabscale = 500 points/nm
Generated table with 1048 data points for 1-4 LJ12.
Tabscale = 500 points/nm
Long Range LJ corr.: <C6> 2.9722e-04


Using SIMD 4x4 nonbonded short-range kernels

Using a dual 4x4 pair-list setup updated with dynamic pruning:
  outer list: updated every 40 steps, buffer 0.097 nm, rlist 1.097 nm
  inner list: updated every 12 steps, buffer 0.003 nm, rlist 1.003 nm
At tolerance 0.005 kJ/mol/ps per atom, equivalent classical 1x1 list would be:
  outer list: updated every 40 steps, buffer 0.212 nm, rlist 1.212 nm
  inner list: updated every 12 steps, buffer 0.048 nm, rlist 1.048 nm

Using geometric Lennard-Jones combination rule
Removing pbc first time

Initializing LINear Constraint Solver

++++ PLEASE READ AND CITE THE FOLLOWING REFERENCE ++++
B. Hess and H. Bekker and H. J. C. Berendsen and J. G. E. M. Fraaije
LINCS: A Linear Constraint Solver for molecular simulations
J. Comp. Chem. 18 (1997) pp. 1463-1472
-------- -------- --- Thank You --- -------- --------

The number of constraints is 524

++++ PLEASE READ AND CITE THE FOLLOWING REFERENCE ++++
S. Miyamoto and P. A. Kollman
SETTLE: An Analytical Version of the SHAKE and RATTLE Algorithms for Rigid
Water Models
J. Comp. Chem. 13 (1992) pp. 952-962
-------- -------- --- Thank You --- -------- --------


++++ PLEASE READ AND CITE THE FOLLOWING REFERENCE ++++
G. Bussi, D. Donadio and M. Parrinello
Canonical sampling through velocity rescaling
J. Chem. Phys. 126 (2007) pp. 014101
-------- -------- --- Thank You --- -------- --------

There are: 76702 Atoms

Constraining the starting coordinates (step 0)

Constraining the coordinates at t0-dt (step 0)
Center of mass motion removal mode is Linear
We have the following groups for center of mass motion removal:
  0:  rest
RMS relative constraint deviation after constraining: 3.45e-06
Initial temperature: 299.701 K

Started mdrun on rank 0 Thu Dec 12 12:12:57 2024

           Step           Time
              0        0.00000

   Energies (kJ/mol)
           Bond          Angle    Proper Dih. Ryckaert-Bell.          LJ-14
    1.21082e+02    5.62347e+02    3.69661e+01    9.52228e+02    1.20225e+03
     Coulomb-14        LJ (SR)  Disper. corr.   Coulomb (SR)   Coul. recip.
    6.06064e+03    2.29594e+05   -9.23503e+03   -1.60152e+06    4.23882e+03
 Position Rest.      Potential    Kinetic En.   Total Energy  Conserved En.
    5.25914e-04   -1.36798e+06    1.91803e+05   -1.17618e+06   -1.17618e+06
    Temperature Pres. DC (bar) Pressure (bar)   Constr. rmsd
    2.99721e+02   -1.93827e+02   -5.63519e+03    3.48672e-06

           Step           Time
            500        1.00000

   Energies (kJ/mol)
           Bond          Angle    Proper Dih. Ryckaert-Bell.          LJ-14
    7.28050e+02    2.08231e+03    1.22291e+02    1.19027e+03    1.32675e+03
     Coulomb-14        LJ (SR)  Disper. corr.   Coulomb (SR)   Coul. recip.
    6.06271e+03    2.24225e+05   -9.23503e+03   -1.41253e+06    6.59024e+03
 Position Rest.      Potential    Kinetic En.   Total Energy  Conserved En.
    3.41782e+02   -1.17910e+06    1.91111e+05   -9.87986e+05   -1.17455e+06
    Temperature Pres. DC (bar) Pressure (bar)   Constr. rmsd
    2.98639e+02   -1.93827e+02   -5.92622e+02    3.05947e-06

           Step           Time
           1000        2.00000

   Energies (kJ/mol)
           Bond          Angle    Proper Dih. Ryckaert-Bell.          LJ-14
    7.49263e+02    2.21357e+03    1.30158e+02    1.19261e+03    1.33751e+03
     Coulomb-14        LJ (SR)  Disper. corr.   Coulomb (SR)   Coul. recip.
    6.05667e+03    2.24521e+05   -9.23503e+03   -1.41548e+06    6.52252e+03
 Position Rest.      Potential    Kinetic En.   Total Energy  Conserved En.
    3.36696e+02   -1.18165e+06    1.92998e+05   -9.88654e+05   -1.17452e+06
    Temperature Pres. DC (bar) Pressure (bar)   Constr. rmsd
    3.01588e+02   -1.93827e+02   -5.83118e+02    2.99175e-06

           Step           Time
           1500        3.00000

   Energies (kJ/mol)
           Bond          Angle    Proper Dih. Ryckaert-Bell.          LJ-14
    7.46753e+02    2.13003e+03    1.06870e+02    1.23699e+03    1.33225e+03
     Coulomb-14        LJ (SR)  Disper. corr.   Coulomb (SR)   Coul. recip.
    6.10871e+03    2.22720e+05   -9.23503e+03   -1.41416e+06    6.48178e+03
 Position Rest.      Potential    Kinetic En.   Total Energy  Conserved En.
    3.30757e+02   -1.18220e+06    1.92042e+05   -9.90162e+05   -1.17453e+06
    Temperature Pres. DC (bar) Pressure (bar)   Constr. rmsd
    3.00094e+02   -1.93827e+02   -7.43486e+02    3.12205e-06

           Step           Time
           2000        4.00000

   Energies (kJ/mol)
           Bond          Angle    Proper Dih. Ryckaert-Bell.          LJ-14
    7.76479e+02    2.20489e+03    1.30189e+02    1.21323e+03    1.37353e+03
     Coulomb-14        LJ (SR)  Disper. corr.   Coulomb (SR)   Coul. recip.
    6.10543e+03    2.25211e+05   -9.23503e+03   -1.41794e+06    6.55121e+03
 Position Rest.      Potential    Kinetic En.   Total Energy  Conserved En.
    2.94755e+02   -1.18331e+06    1.91608e+05   -9.91705e+05   -1.17449e+06
    Temperature Pres. DC (bar) Pressure (bar)   Constr. rmsd
    2.99416e+02   -1.93827e+02   -5.84496e+02    3.07025e-06

           Step           Time
           2500        5.00000

   Energies (kJ/mol)
           Bond          Angle    Proper Dih. Ryckaert-Bell.          LJ-14
    7.57708e+02    2.10137e+03    1.02746e+02    1.17686e+03    1.34122e+03
     Coulomb-14        LJ (SR)  Disper. corr.   Coulomb (SR)   Coul. recip.
    5.99883e+03    2.23524e+05   -9.23503e+03   -1.41531e+06    6.61576e+03
 Position Rest.      Potential    Kinetic En.   Total Energy  Conserved En.
    3.95938e+02   -1.18253e+06    1.92473e+05   -9.90062e+05   -1.17451e+06
    Temperature Pres. DC (bar) Pressure (bar)   Constr. rmsd
    3.00767e+02   -1.93827e+02   -7.36484e+02    3.45848e-06

           Step           Time
           3000        6.00000

   Energies (kJ/mol)
           Bond          Angle    Proper Dih. Ryckaert-Bell.          LJ-14
    7.66180e+02    2.10870e+03    1.07568e+02    1.17783e+03    1.36409e+03
     Coulomb-14        LJ (SR)  Disper. corr.   Coulomb (SR)   Coul. recip.
    6.08108e+03    2.23410e+05   -9.23503e+03   -1.41617e+06    6.53801e+03
 Position Rest.      Potential    Kinetic En.   Total Energy  Conserved En.
    3.34252e+02   -1.18352e+06    1.91445e+05   -9.92072e+05   -1.17449e+06
    Temperature Pres. DC (bar) Pressure (bar)   Constr. rmsd
    2.99161e+02   -1.93827e+02   -7.43174e+02    2.99668e-06

           Step           Time
           3500        7.00000

   Energies (kJ/mol)
           Bond          Angle    Proper Dih. Ryckaert-Bell.          LJ-14
    8.10558e+02    2.11788e+03    1.12121e+02    1.23456e+03    1.33752e+03
     Coulomb-14        LJ (SR)  Disper. corr.   Coulomb (SR)   Coul. recip.
    6.07766e+03    2.26383e+05   -9.23503e+03   -1.41998e+06    6.43843e+03
 Position Rest.      Potential    Kinetic En.   Total Energy  Conserved En.
    3.54971e+02   -1.18434e+06    1.92662e+05   -9.91683e+05   -1.17446e+06
    Temperature Pres. DC (bar) Pressure (bar)   Constr. rmsd
    3.01063e+02   -1.93827e+02   -5.43856e+02    3.79051e-06

           Step           Time
           4000        8.00000

   Energies (kJ/mol)
           Bond          Angle    Proper Dih. Ryckaert-Bell.          LJ-14
    8.15503e+02    2.19973e+03    1.05323e+02    1.18516e+03    1.41920e+03
     Coulomb-14        LJ (SR)  Disper. corr.   Coulomb (SR)   Coul. recip.
    6.06596e+03    2.23368e+05   -9.23503e+03   -1.41595e+06    6.57339e+03
 Position Rest.      Potential    Kinetic En.   Total Energy  Conserved En.
    3.43290e+02   -1.18311e+06    1.91758e+05   -9.91355e+05   -1.17446e+06
    Temperature Pres. DC (bar) Pressure (bar)   Constr. rmsd
    2.99651e+02   -1.93827e+02   -7.65045e+02    3.45832e-06

           Step           Time
           4500        9.00000

   Energies (kJ/mol)
           Bond          Angle    Proper Dih. Ryckaert-Bell.          LJ-14
    8.00450e+02    2.00546e+03    1.01269e+02    1.26772e+03    1.27707e+03
     Coulomb-14        LJ (SR)  Disper. corr.   Coulomb (SR)   Coul. recip.
    6.04626e+03    2.26029e+05   -9.23503e+03   -1.41967e+06    6.57584e+03
 Position Rest.      Potential    Kinetic En.   Total Energy  Conserved En.
    3.16840e+02   -1.18448e+06    1.90729e+05   -9.93755e+05   -1.17445e+06
    Temperature Pres. DC (bar) Pressure (bar)   Constr. rmsd
    2.98042e+02   -1.93827e+02   -7.34492e+02    2.85408e-06

           Step           Time
           5000       10.00000

Writing checkpoint, step 5000 at Thu Dec 12 12:18:39 2024


   Energies (kJ/mol)
           Bond          Angle    Proper Dih. Ryckaert-Bell.          LJ-14
    8.57504e+02    2.11222e+03    1.29344e+02    1.16898e+03    1.35915e+03
     Coulomb-14        LJ (SR)  Disper. corr.   Coulomb (SR)   Coul. recip.
    6.11429e+03    2.23693e+05   -9.23503e+03   -1.41769e+06    6.48672e+03
 Position Rest.      Potential    Kinetic En.   Total Energy  Conserved En.
    3.27621e+02   -1.18468e+06    1.92551e+05   -9.92128e+05   -1.17444e+06
    Temperature Pres. DC (bar) Pressure (bar)   Constr. rmsd
    3.00890e+02   -1.93827e+02   -7.67437e+02    3.02887e-06


Energy conservation over simulation part #1 of length 10 ns, time 0 to 10 ns
  Conserved energy drift: 2.26e-03 kJ/mol/ps per atom


	<======  ###############  ==>
	<====  A V E R A G E S  ====>
	<==  ###############  ======>

	Statistics over 5001 steps using 51 frames

   Energies (kJ/mol)
           Bond          Angle    Proper Dih. Ryckaert-Bell.          LJ-14
    7.56759e+02    2.05375e+03    1.21474e+02    1.22154e+03    1.32320e+03
     Coulomb-14        LJ (SR)  Disper. corr.   Coulomb (SR)   Coul. recip.
    6.05760e+03    2.24629e+05   -9.23503e+03   -1.42148e+06    6.46610e+03
 Position Rest.      Potential    Kinetic En.   Total Energy  Conserved En.
    3.28606e+02   -1.18775e+06    1.90776e+05   -9.96977e+05   -1.17453e+06
    Temperature Pres. DC (bar) Pressure (bar)   Constr. rmsd
    2.98116e+02   -1.93827e+02   -7.97902e+02    0.00000e+00

   Total Virial (kJ/mol)
    8.22513e+04    2.48124e+02   -4.13802e+01
    2.47012e+02    8.33734e+04   -9.72501e+01
   -4.15314e+01   -9.61316e+01    8.22469e+04

   Pressure (bar)
   -7.79419e+02   -1.12919e+01    1.05423e+00
   -1.12453e+01   -8.26010e+02    4.54143e+00
    1.06057e+00    4.49454e+00   -7.88276e+02

      T-Protein  T-non-Protein
    2.97639e+02    2.98125e+02


	M E G A - F L O P S   A C C O U N T I N G

 NB=Group-cutoff nonbonded kernels    NxN=N-by-N cluster Verlet kernels
 RF=Reaction-Field  VdW=Van der Waals  QSTab=quadratic-spline table
 W3=SPC/TIP3p  W4=TIP4p (single or pairs)
 V&F=Potential and force  V=Potential only  F=Force only

 Computing:                               M-Number         M-Flops  % Flops
-----------------------------------------------------------------------------
 Pair Search distance check            3373.781808       30364.036     0.4
 NxN QSTab Elec. + LJ [F]             90963.058864     3729485.413    50.2
 NxN QSTab Elec. + LJ [V&F]             937.144752       55291.540     0.7
 NxN QSTab Elec. [F]                  87280.321088     2967530.917    40.0
 NxN QSTab Elec. [V&F]                  899.178096       36866.302     0.5
 1,4 nonbonded interactions              13.782756        1240.448     0.0
 Calc Weights                          1150.760106       41427.364     0.6
 Spread Q Bspline                     24549.548928       49099.098     0.7
 Gather F Bspline                     24549.548928      147297.294     2.0
 3D-FFT                               38284.305330      306274.443     4.1
 Solve PME                               18.003600        1152.230     0.0
 Shift-X                                  9.664452          57.987     0.0
 Bonds                                    2.715543         160.217     0.0
 Angles                                   9.611922        1614.803     0.0
 Propers                                  1.075215         246.224     0.0
 RB-Dihedrals                            10.807161        2669.369     0.0
 Pos. Restr.                              2.660532         133.027     0.0
 Virial                                   3.914097          70.454     0.0
 Stop-CM                                  3.988504          39.885     0.0
 Calc-Ekin                               76.855404        2075.096     0.0
 Lincs                                    2.621572         157.294     0.0
 Lincs-Mat                               13.508100          54.032     0.0
 Constraint-V                           383.618386        3452.565     0.0
 Constraint-Vir                           3.884619          93.231     0.0
 Settle                                 126.150645       46675.739     0.6
-----------------------------------------------------------------------------
 Total                                                 7423529.008   100.0
-----------------------------------------------------------------------------


     R E A L   C Y C L E   A N D   T I M E   A C C O U N T I N G

On 1 MPI rank, each using 3 OpenMP threads

 Computing:          Num   Num      Call    Wall time         Giga-Cycles
                     Ranks Threads  Count      (s)         total sum    %
-----------------------------------------------------------------------------
 Neighbor search        1    3        126       9.151         76.731   2.7
 Force                  1    3       5001     276.615       2319.408  80.9
 PME mesh               1    3       5001      46.924        393.457  13.7
 NB X/F buffer ops.     1    3       9876       2.920         24.481   0.9
 Write traj.            1    3         11       0.770          6.459   0.2
 Update                 1    3       5001       1.846         15.475   0.5
 Constraints            1    3       5003       3.170         26.581   0.9
 Rest                                           0.636          5.336   0.2
-----------------------------------------------------------------------------
 Total                                        342.032       2867.927 100.0
-----------------------------------------------------------------------------
 Breakdown of PME mesh computation
-----------------------------------------------------------------------------
 PME spread             1    3       5001      17.705        148.452   5.2
 PME gather             1    3       5001      19.512        163.608   5.7
 PME 3D-FFT             1    3      10002       8.446         70.817   2.5
 PME solve Elec         1    3       5001       1.116          9.360   0.3
-----------------------------------------------------------------------------

               Core t (s)   Wall t (s)        (%)
       Time:     1026.097      342.032      300.0
                 (ns/day)    (hour/ns)
Performance:        2.527        9.499
Finished mdrun on rank 0 Thu Dec 12 12:18:39 2024

